[2013-03-08 07:59:18] [EXIDO_ERROR_LOG] Exception_Exido [ 404 ]: Page not found ~ core/exidoengine/administrator/controller/page/list.php [ 85 ]
[2013-03-08 13:18:19] [EXIDO_ERROR_LOG] Error [ 2 ]: Invalid argument supplied for foreach() ~ database/result.php [ 97 ]
[2013-03-08 13:18:19] [EXIDO_ERROR_LOG] Exception_Exido [ 500 ]: The requested URL exidoengine.ico has a disallowed characters ~ router.php [ 113 ]
[2013-03-08 13:18:19] [EXIDO_ERROR_LOG] Exception_Exido [ 500 ]: The requested URL exidoengine.ico has a disallowed characters ~ router.php [ 113 ]
[2013-03-08 13:18:54] [EXIDO_ERROR_LOG] Error [ 2 ]: Invalid argument supplied for foreach() ~ database/result.php [ 97 ]
[2013-03-08 13:20:08] [EXIDO_ERROR_LOG] Error [ 4096 ]: Argument 2 passed to Model_Eav::editAttributeValues() must be an array, none given, called in /Users/alex/Projects/exidoengine/app/core/exidoengine/administrator/controller/page/list.php on line 89 and defined ~ model/eav.php [ 109 ]
[2013-03-08 13:27:01] [EXIDO_ERROR_LOG] Exception_Exido [ 404 ]: Page not found ~ core/exidoengine/administrator/controller/page/list.php [ 86 ]
[2013-03-08 13:36:44] [EXIDO_ERROR_LOG] Exception_Exido_404 [ 404 ]: Undefined method 102() ~ controller/abstract.php [ 369 ]
[2013-03-08 13:37:44] [EXIDO_ERROR_LOG] Exception_Exido_404 [ 404 ]: Undefined controller page/edit/102. ~ router.php [ 183 ]
[2013-03-08 13:42:33] [EXIDO_ERROR_LOG] Error [ 2 ]: Missing argument 2 for dateConvertSQL2Human() ~ helper/date.php [ 36 ]
[2013-03-08 13:42:33] [EXIDO_ERROR_LOG] Error [ 8 ]: Undefined variable: format ~ helper/date.php [ 41 ]
[2013-03-08 13:42:33] [EXIDO_ERROR_LOG] Error [ 2 ]: Missing argument 2 for dateConvertSQL2Human() ~ helper/date.php [ 36 ]
[2013-03-08 13:42:33] [EXIDO_ERROR_LOG] Error [ 8 ]: Undefined variable: format ~ helper/date.php [ 41 ]
[2013-03-08 13:42:33] [EXIDO_ERROR_LOG] Error [ 2 ]: Missing argument 2 for dateConvertSQL2Human() ~ helper/date.php [ 36 ]
[2013-03-08 13:42:33] [EXIDO_ERROR_LOG] Error [ 8 ]: Undefined variable: format ~ helper/date.php [ 41 ]
[2013-03-08 15:25:21] [EXIDO_ERROR_LOG] Exception_Exido [ 500 ]: The requested URL common.js has a disallowed characters ~ router.php [ 113 ]
[2013-03-08 15:26:07] [EXIDO_ERROR_LOG] Error [ 2 ]: sprintf() [function.sprintf]: Too few arguments ~ core/exidoengine/administrator/controller/page/action.php [ 111 ]
[2013-03-08 15:26:11] [EXIDO_ERROR_LOG] Error [ 2 ]: sprintf() [function.sprintf]: Too few arguments ~ core/exidoengine/administrator/controller/page/action.php [ 111 ]
[2013-03-08 15:26:15] [EXIDO_ERROR_LOG] Error [ 2 ]: sprintf() [function.sprintf]: Too few arguments ~ core/exidoengine/administrator/controller/page/action.php [ 111 ]
[2013-03-08 15:44:16] [EXIDO_ERROR_LOG] Error [ 2 ]: sprintf() [function.sprintf]: Too few arguments ~ core/exidoengine/administrator/controller/page/action.php [ 111 ]
[2013-03-08 15:48:10] [EXIDO_ERROR_LOG] Error [ 2 ]: sprintf() [function.sprintf]: Too few arguments ~ core/exidoengine/administrator/controller/page/action.php [ 111 ]
[2013-03-08 15:53:31] [EXIDO_ERROR_LOG] Error [ 2 ]: sprintf() [function.sprintf]: Too few arguments ~ core/exidoengine/administrator/controller/page/action.php [ 111 ]
[2013-03-08 15:56:19] [EXIDO_ERROR_LOG] Error [ 2 ]: sprintf() [function.sprintf]: Too few arguments ~ core/exidoengine/administrator/controller/page/action.php [ 111 ]
[2013-03-08 15:58:18] [EXIDO_ERROR_LOG] Error [ 2 ]: sprintf() [function.sprintf]: Too few arguments ~ core/exidoengine/administrator/controller/page/action.php [ 111 ]
[2013-03-08 16:00:15] [EXIDO_ERROR_LOG] Error [ 2 ]: sprintf() [function.sprintf]: Too few arguments ~ core/exidoengine/administrator/controller/page/action.php [ 110 ]
[2013-03-08 16:00:45] [EXIDO_ERROR_LOG] Error [ 2 ]: sprintf() [function.sprintf]: Too few arguments ~ core/exidoengine/administrator/controller/page/action.php [ 111 ]
[2013-03-08 17:07:35] [EXIDO_ERROR_LOG] Exception_Exido_404 [ 404 ]: Undefined method remove(100) ~ controller/abstract.php [ 369 ]
[2013-03-08 17:22:19] [EXIDO_ERROR_LOG] Exception_Exido [ 500 ]: You suppose to remove an undefined property Model_Eav::removeEntity ~ model/mapper.php [ 97 ]
[2013-03-08 17:22:31] [EXIDO_ERROR_LOG] Error [ 2 ]: implode() [function.implode]: Invalid arguments passed ~ core/exidoengine/administrator/controller/page/action.php [ 137 ]
[2013-03-08 17:22:31] [EXIDO_ERROR_LOG] Error [ 2 ]: mktime() expects parameter 1 to be long, string given ~ helper/date.php [ 139 ]
[2013-03-08 17:22:47] [EXIDO_ERROR_LOG] Error [ 2 ]: implode() [function.implode]: Invalid arguments passed ~ core/exidoengine/administrator/controller/page/action.php [ 137 ]
[2013-03-08 17:22:54] [EXIDO_ERROR_LOG] Error [ 2 ]: mktime() expects parameter 1 to be long, string given ~ helper/date.php [ 139 ]
