[2013-02-26 07:21:55] [EXIDO_ERROR_LOG] Error [ 2 ]: Cannot modify header information - headers already sent by (output started at /Users/alex/Projects/exidoengine/lib/exido/database/init.php:30) ~ bootstrap.php [ 86 ]
[2013-02-26 07:21:55] [EXIDO_ERROR_LOG] Error [ 2 ]: session_start() [function.session-start]: Cannot send session cookie - headers already sent by (output started at /Users/alex/Projects/exidoengine/lib/exido/database/init.php:30) ~ session/base.php [ 88 ]
[2013-02-26 07:21:55] [EXIDO_ERROR_LOG] Error [ 2 ]: session_start() [function.session-start]: Cannot send session cache limiter - headers already sent (output started at /Users/alex/Projects/exidoengine/lib/exido/database/init.php:30) ~ session/base.php [ 88 ]
[2013-02-26 07:22:00] [EXIDO_ERROR_LOG] Error [ 2 ]: Cannot modify header information - headers already sent by (output started at /Users/alex/Projects/exidoengine/lib/exido/database/init.php:30) ~ bootstrap.php [ 86 ]
[2013-02-26 07:22:00] [EXIDO_ERROR_LOG] Exception_Exido [ 500 ]: The requested URL favicon.ico has a disallowed characters ~ router.php [ 113 ]
[2013-02-26 07:22:00] [EXIDO_ERROR_LOG] Error [ 2 ]: Cannot modify header information - headers already sent by (output started at /Users/alex/Projects/exidoengine/lib/exido/database/init.php:30) ~ bootstrap.php [ 86 ]
[2013-02-26 07:22:00] [EXIDO_ERROR_LOG] Exception_Exido [ 500 ]: The requested URL exidoengine.ico has a disallowed characters ~ router.php [ 113 ]
[2013-02-26 07:22:01] [EXIDO_ERROR_LOG] Error [ 2 ]: Cannot modify header information - headers already sent by (output started at /Users/alex/Projects/exidoengine/lib/exido/database/init.php:30) ~ bootstrap.php [ 86 ]
[2013-02-26 07:22:01] [EXIDO_ERROR_LOG] Exception_Exido [ 500 ]: The requested URL exidoengine.ico has a disallowed characters ~ router.php [ 113 ]
[2013-02-26 07:55:21] [EXIDO_ERROR_LOG] Error [ 2 ]: Cannot modify header information - headers already sent by (output started at /Users/alex/Projects/exidoengine/lib/exido/database/init.php:30) ~ bootstrap.php [ 86 ]
[2013-02-26 07:55:21] [EXIDO_ERROR_LOG] Error [ 2 ]: session_start() [function.session-start]: Cannot send session cache limiter - headers already sent (output started at /Users/alex/Projects/exidoengine/lib/exido/database/init.php:30) ~ session/base.php [ 88 ]
[2013-02-26 08:47:23] [EXIDO_ERROR_LOG] Error [ 8 ]: Use of undefined constant data - assumed 'data' ~ core/exidoengine/administrator/template/default/action/auth/index.php [ 34 ]
[2013-02-26 08:47:23] [EXIDO_ERROR_LOG] Error [ 8 ]: Use of undefined constant text - assumed 'text' ~ core/exidoengine/administrator/template/default/action/auth/index.php [ 34 ]
[2013-02-26 09:04:58] [EXIDO_ERROR_LOG] Exception_Exido [ 500 ]: The required file model/test.php is not found ~ exido.php [ 434 ]
[2013-02-26 09:05:17] [EXIDO_ERROR_LOG] Exception_Exido [ 500 ]: The requested URL hashchange.js has a disallowed characters ~ router.php [ 113 ]
[2013-02-26 09:05:22] [EXIDO_ERROR_LOG] Exception_Exido [ 500 ]: The requested URL hashchange.js has a disallowed characters ~ router.php [ 113 ]
[2013-02-26 09:05:25] [EXIDO_ERROR_LOG] Exception_Exido [ 500 ]: The requested URL hashchange.js has a disallowed characters ~ router.php [ 113 ]
[2013-02-26 09:05:28] [EXIDO_ERROR_LOG] Exception_Exido [ 500 ]: The requested URL hashchange.js has a disallowed characters ~ router.php [ 113 ]
[2013-02-26 09:05:31] [EXIDO_ERROR_LOG] Exception_Exido [ 500 ]: The requested URL hashchange.js has a disallowed characters ~ router.php [ 113 ]
[2013-02-26 09:05:31] [EXIDO_ERROR_LOG] Exception_Exido [ 500 ]: The requested URL hashchange.js has a disallowed characters ~ router.php [ 113 ]
[2013-02-26 09:06:00] [EXIDO_ERROR_LOG] Exception_Exido [ 500 ]: The requested URL hashchange.js has a disallowed characters ~ router.php [ 113 ]
[2013-02-26 10:40:49] [EXIDO_ERROR_LOG] Exception_Exido [ 500 ]: The requested URL jquery.js has a disallowed characters ~ router.php [ 113 ]
[2013-02-26 10:40:54] [EXIDO_ERROR_LOG] Exception_Exido [ 500 ]: The requested URL jqueryui.js has a disallowed characters ~ router.php [ 113 ]
[2013-02-26 10:40:54] [EXIDO_ERROR_LOG] Exception_Exido [ 500 ]: The requested URL form.validate.js has a disallowed characters ~ router.php [ 113 ]
[2013-02-26 10:42:15] [EXIDO_ERROR_LOG] Exception_Exido [ 500 ]: The requested URL jquery.js has a disallowed characters ~ router.php [ 113 ]
[2013-02-26 10:42:20] [EXIDO_ERROR_LOG] Exception_Exido [ 500 ]: The requested URL form.validate.js has a disallowed characters ~ router.php [ 113 ]
[2013-02-26 10:42:20] [EXIDO_ERROR_LOG] Exception_Exido [ 500 ]: The requested URL jqueryui.js has a disallowed characters ~ router.php [ 113 ]
[2013-02-26 10:42:20] [EXIDO_ERROR_LOG] Exception_Exido [ 500 ]: The requested URL form.validate.js has a disallowed characters ~ router.php [ 113 ]
[2013-02-26 10:42:46] [EXIDO_ERROR_LOG] Exception_Exido [ 500 ]: The requested URL jquery.js has a disallowed characters ~ router.php [ 113 ]
[2013-02-26 10:42:51] [EXIDO_ERROR_LOG] Exception_Exido [ 500 ]: The requested URL jqueryui.js has a disallowed characters ~ router.php [ 113 ]
[2013-02-26 10:42:51] [EXIDO_ERROR_LOG] Exception_Exido [ 500 ]: The requested URL form.validate.js has a disallowed characters ~ router.php [ 113 ]
[2013-02-26 10:49:33] [EXIDO_ERROR_LOG] Exception_Exido [ 500 ]: The requested URL jquery.js has a disallowed characters ~ router.php [ 113 ]
[2013-02-26 10:49:38] [EXIDO_ERROR_LOG] Exception_Exido [ 500 ]: The requested URL jqueryui.js has a disallowed characters ~ router.php [ 113 ]
[2013-02-26 10:49:38] [EXIDO_ERROR_LOG] Exception_Exido [ 500 ]: The requested URL form.validate.js has a disallowed characters ~ router.php [ 113 ]
[2013-02-26 10:51:37] [EXIDO_ERROR_LOG] Exception_Exido [ 500 ]: The requested URL jquery.js has a disallowed characters ~ router.php [ 113 ]
[2013-02-26 10:51:42] [EXIDO_ERROR_LOG] Exception_Exido [ 500 ]: The requested URL jqueryui.js has a disallowed characters ~ router.php [ 113 ]
[2013-02-26 10:51:42] [EXIDO_ERROR_LOG] Exception_Exido [ 500 ]: The requested URL form.validate.js has a disallowed characters ~ router.php [ 113 ]
[2013-02-26 13:13:29] [EXIDO_ERROR_LOG] Error [ 8 ]: Array to string conversion ~ model/mapper.php [ 102 ]
[2013-02-26 13:13:29] [EXIDO_ERROR_LOG] Exception_Exido [ 500 ]: You suppose to use an undefined method Model_User::checkUniqueKey(Array) ~ model/mapper.php [ 102 ]
[2013-02-26 13:13:49] [EXIDO_ERROR_LOG] Exception_Exido [ 500 ]: You suppose to use an undefined method Model_User::checkUniqueKey(5627a272bf2563cee5877539bd906e7cc3eb33afcefe2b570a08906f9a34ae48) ~ model/mapper.php [ 102 ]
[2013-02-26 13:16:22] [EXIDO_ERROR_LOG] Exception_Exido [ 500 ]: You suppose to use an undefined method Model_User::checkUniqueKey(5627a272bf2563cee5877539bd906e7cc3eb33afcefe2b570a08906f9a34ae48) ~ model/mapper.php [ 102 ]
[2013-02-26 13:20:15] [EXIDO_ERROR_LOG] Exception_Exido_404 [ 404 ]: Undefined method _getSystemUser() ~ controller/abstract.php [ 347 ]
[2013-02-26 13:22:58] [EXIDO_ERROR_LOG] Exception_Exido_404 [ 404 ]: Undefined method _getSystemUser() ~ controller/abstract.php [ 347 ]
[2013-02-26 13:24:26] [EXIDO_ERROR_LOG] Error [ 2 ]: trim() expects parameter 1 to be string, array given ~ database/query/builder/abstract.php [ 91 ]
[2013-02-26 13:24:26] [EXIDO_ERROR_LOG] Exception_Exido [ 500 ]: You suppose to use an undefined method or property Model_Auth_User::getOwner_id ~ model/mapper.php [ 88 ]
[2013-02-26 13:26:37] [EXIDO_ERROR_LOG] Error [ 2 ]: trim() expects parameter 1 to be string, array given ~ database/query/builder/abstract.php [ 91 ]
[2013-02-26 13:26:37] [EXIDO_ERROR_LOG] Exception_Exido [ 500 ]: You suppose to use an undefined method or property Model_Auth_User::getOwner_id ~ model/mapper.php [ 88 ]
[2013-02-26 17:26:11] [EXIDO_ERROR_LOG] Error [ 2 ]: Invalid argument supplied for foreach() ~ database/result.php [ 97 ]
[2013-02-26 17:26:11] [EXIDO_ERROR_LOG] Exception_Exido [ 500 ]: The requested URL exidoengine.ico has a disallowed characters ~ router.php [ 113 ]
[2013-02-26 17:26:11] [EXIDO_ERROR_LOG] Exception_Exido [ 500 ]: The requested URL exidoengine.ico has a disallowed characters ~ router.php [ 113 ]
[2013-02-26 17:27:15] [EXIDO_ERROR_LOG] Error [ 2 ]: Invalid argument supplied for foreach() ~ database/result.php [ 97 ]
[2013-02-26 17:28:26] [EXIDO_ERROR_LOG] Error [ 2 ]: Invalid argument supplied for foreach() ~ database/result.php [ 97 ]
[2013-02-26 17:32:54] [EXIDO_ERROR_LOG] Error [ 2 ]: Invalid argument supplied for foreach() ~ database/result.php [ 97 ]
[2013-02-26 17:32:56] [EXIDO_ERROR_LOG] Error [ 2 ]: Invalid argument supplied for foreach() ~ database/result.php [ 97 ]
[2013-02-26 17:33:10] [EXIDO_ERROR_LOG] Error [ 2 ]: Invalid argument supplied for foreach() ~ database/result.php [ 97 ]
[2013-02-26 17:33:45] [EXIDO_ERROR_LOG] Error [ 2 ]: Invalid argument supplied for foreach() ~ database/result.php [ 97 ]
[2013-02-26 17:33:47] [EXIDO_ERROR_LOG] Error [ 2 ]: Invalid argument supplied for foreach() ~ database/result.php [ 97 ]
[2013-02-26 17:33:57] [EXIDO_ERROR_LOG] Error [ 2 ]: Invalid argument supplied for foreach() ~ database/result.php [ 97 ]
